{"/Users/admin/Documents/GitHub/react-mcqview/src/index.js": {"path":"/Users/admin/Documents/GitHub/react-mcqview/src/index.js","statementMap":{},"fnMap":{},"branchMap":{},"s":{},"f":{},"b":{},"_coverageSchema":"43e27e138ebf9cfc5966b082cf9a028302ed4184","hash":"e94e7ec60ec1c3af9c019f7ae421ac08d1a52660"}
,"/Users/admin/Documents/GitHub/react-mcqview/src/components/McqForm.js": {"path":"/Users/admin/Documents/GitHub/react-mcqview/src/components/McqForm.js","statementMap":{"0":{"start":{"line":8,"column":23},"end":{"line":214,"column":1}},"1":{"start":{"line":10,"column":40},"end":{"line":10,"column":55}},"2":{"start":{"line":11,"column":36},"end":{"line":11,"column":145}},"3":{"start":{"line":14,"column":8},"end":{"line":14,"column":36}},"4":{"start":{"line":18,"column":8},"end":{"line":18,"column":46}},"5":{"start":{"line":21,"column":4},"end":{"line":23,"column":18}},"6":{"start":{"line":22,"column":8},"end":{"line":22,"column":28}},"7":{"start":{"line":25,"column":4},"end":{"line":30,"column":20}},"8":{"start":{"line":26,"column":8},"end":{"line":29,"column":9}},"9":{"start":{"line":27,"column":27},"end":{"line":27,"column":43}},"10":{"start":{"line":28,"column":12},"end":{"line":28,"column":66}},"11":{"start":{"line":28,"column":41},"end":{"line":28,"column":66}},"12":{"start":{"line":34,"column":21},"end":{"line":34,"column":23}},"13":{"start":{"line":36,"column":8},"end":{"line":48,"column":9}},"14":{"start":{"line":36,"column":20},"end":{"line":36,"column":21}},"15":{"start":{"line":38,"column":12},"end":{"line":46,"column":13}},"16":{"start":{"line":40,"column":16},"end":{"line":40,"column":46}},"17":{"start":{"line":43,"column":16},"end":{"line":45,"column":17}},"18":{"start":{"line":44,"column":20},"end":{"line":44,"column":50}},"19":{"start":{"line":50,"column":8},"end":{"line":50,"column":22}},"20":{"start":{"line":56,"column":25},"end":{"line":56,"column":29}},"21":{"start":{"line":58,"column":8},"end":{"line":87,"column":9}},"22":{"start":{"line":58,"column":20},"end":{"line":58,"column":21}},"23":{"start":{"line":60,"column":12},"end":{"line":85,"column":13}},"24":{"start":{"line":62,"column":16},"end":{"line":66,"column":17}},"25":{"start":{"line":64,"column":20},"end":{"line":64,"column":39}},"26":{"start":{"line":65,"column":20},"end":{"line":65,"column":26}},"27":{"start":{"line":68,"column":16},"end":{"line":71,"column":17}},"28":{"start":{"line":69,"column":20},"end":{"line":69,"column":39}},"29":{"start":{"line":70,"column":20},"end":{"line":70,"column":26}},"30":{"start":{"line":74,"column":16},"end":{"line":84,"column":17}},"31":{"start":{"line":75,"column":20},"end":{"line":78,"column":21}},"32":{"start":{"line":76,"column":24},"end":{"line":76,"column":43}},"33":{"start":{"line":77,"column":24},"end":{"line":77,"column":30}},"34":{"start":{"line":80,"column":20},"end":{"line":83,"column":21}},"35":{"start":{"line":81,"column":24},"end":{"line":81,"column":43}},"36":{"start":{"line":82,"column":24},"end":{"line":82,"column":30}},"37":{"start":{"line":89,"column":8},"end":{"line":89,"column":34}},"38":{"start":{"line":95,"column":26},"end":{"line":95,"column":28}},"39":{"start":{"line":97,"column":8},"end":{"line":105,"column":9}},"40":{"start":{"line":97,"column":20},"end":{"line":97,"column":21}},"41":{"start":{"line":98,"column":12},"end":{"line":104,"column":13}},"42":{"start":{"line":99,"column":31},"end":{"line":99,"column":47}},"43":{"start":{"line":100,"column":16},"end":{"line":100,"column":55}},"44":{"start":{"line":101,"column":16},"end":{"line":101,"column":43}},"45":{"start":{"line":103,"column":16},"end":{"line":103,"column":51}},"46":{"start":{"line":107,"column":28},"end":{"line":107,"column":30}},"47":{"start":{"line":109,"column":8},"end":{"line":123,"column":9}},"48":{"start":{"line":109,"column":20},"end":{"line":109,"column":21}},"49":{"start":{"line":111,"column":12},"end":{"line":121,"column":13}},"50":{"start":{"line":112,"column":16},"end":{"line":112,"column":51}},"51":{"start":{"line":114,"column":16},"end":{"line":120,"column":17}},"52":{"start":{"line":115,"column":20},"end":{"line":115,"column":55}},"53":{"start":{"line":117,"column":35},"end":{"line":117,"column":49}},"54":{"start":{"line":118,"column":20},"end":{"line":118,"column":50}},"55":{"start":{"line":119,"column":20},"end":{"line":119,"column":49}},"56":{"start":{"line":125,"column":8},"end":{"line":125,"column":39}},"57":{"start":{"line":131,"column":18},"end":{"line":131,"column":20}},"58":{"start":{"line":133,"column":8},"end":{"line":138,"column":9}},"59":{"start":{"line":133,"column":20},"end":{"line":133,"column":21}},"60":{"start":{"line":134,"column":12},"end":{"line":137,"column":13}},"61":{"start":{"line":136,"column":16},"end":{"line":136,"column":99}},"62":{"start":{"line":142,"column":8},"end":{"line":142,"column":19}},"63":{"start":{"line":146,"column":8},"end":{"line":149,"column":9}},"64":{"start":{"line":147,"column":27},"end":{"line":147,"column":43}},"65":{"start":{"line":148,"column":12},"end":{"line":148,"column":35}},"66":{"start":{"line":152,"column":4},"end":{"line":213,"column":5}},"67":{"start":{"line":164,"column":20},"end":{"line":197,"column":22}},"68":{"start":{"line":174,"column":62},"end":{"line":174,"column":97}},"69":{"start":{"line":188,"column":62},"end":{"line":188,"column":97}},"70":{"start":{"line":206,"column":36},"end":{"line":206,"column":46}}},"fnMap":{"0":{"name":"(anonymous_0)","decl":{"start":{"line":8,"column":23},"end":{"line":8,"column":24}},"loc":{"start":{"line":8,"column":34},"end":{"line":214,"column":1}},"line":8},"1":{"name":"getFormData","decl":{"start":{"line":13,"column":13},"end":{"line":13,"column":24}},"loc":{"start":{"line":13,"column":27},"end":{"line":15,"column":5}},"line":13},"2":{"name":"setFormDataWrap","decl":{"start":{"line":17,"column":13},"end":{"line":17,"column":28}},"loc":{"start":{"line":17,"column":39},"end":{"line":19,"column":5}},"line":17},"3":{"name":"(anonymous_3)","decl":{"start":{"line":21,"column":14},"end":{"line":21,"column":15}},"loc":{"start":{"line":21,"column":20},"end":{"line":23,"column":5}},"line":21},"4":{"name":"(anonymous_4)","decl":{"start":{"line":25,"column":14},"end":{"line":25,"column":15}},"loc":{"start":{"line":25,"column":20},"end":{"line":30,"column":5}},"line":25},"5":{"name":"generateResult","decl":{"start":{"line":32,"column":13},"end":{"line":32,"column":27}},"loc":{"start":{"line":32,"column":30},"end":{"line":52,"column":5}},"line":32},"6":{"name":"scanForCompletion","decl":{"start":{"line":54,"column":13},"end":{"line":54,"column":30}},"loc":{"start":{"line":54,"column":33},"end":{"line":91,"column":5}},"line":54},"7":{"name":"updateSelectedValue","decl":{"start":{"line":93,"column":13},"end":{"line":93,"column":32}},"loc":{"start":{"line":93,"column":60},"end":{"line":127,"column":5}},"line":93},"8":{"name":"getAnswer","decl":{"start":{"line":129,"column":13},"end":{"line":129,"column":22}},"loc":{"start":{"line":129,"column":35},"end":{"line":143,"column":5}},"line":129},"9":{"name":"onSubmit","decl":{"start":{"line":145,"column":13},"end":{"line":145,"column":21}},"loc":{"start":{"line":145,"column":24},"end":{"line":150,"column":5}},"line":145},"10":{"name":"(anonymous_10)","decl":{"start":{"line":160,"column":34},"end":{"line":160,"column":35}},"loc":{"start":{"line":160,"column":47},"end":{"line":198,"column":17}},"line":160},"11":{"name":"(anonymous_11)","decl":{"start":{"line":174,"column":50},"end":{"line":174,"column":51}},"loc":{"start":{"line":174,"column":61},"end":{"line":174,"column":98}},"line":174},"12":{"name":"(anonymous_12)","decl":{"start":{"line":175,"column":50},"end":{"line":175,"column":51}},"loc":{"start":{"line":175,"column":56},"end":{"line":175,"column":58}},"line":175},"13":{"name":"(anonymous_13)","decl":{"start":{"line":188,"column":50},"end":{"line":188,"column":51}},"loc":{"start":{"line":188,"column":61},"end":{"line":188,"column":98}},"line":188},"14":{"name":"(anonymous_14)","decl":{"start":{"line":189,"column":50},"end":{"line":189,"column":51}},"loc":{"start":{"line":189,"column":56},"end":{"line":189,"column":58}},"line":189},"15":{"name":"(anonymous_15)","decl":{"start":{"line":206,"column":29},"end":{"line":206,"column":30}},"loc":{"start":{"line":206,"column":35},"end":{"line":206,"column":47}},"line":206}},"branchMap":{"0":{"loc":{"start":{"line":11,"column":45},"end":{"line":11,"column":144}},"type":"cond-expr","locations":[{"start":{"line":11,"column":70},"end":{"line":11,"column":74}},{"start":{"line":11,"column":77},"end":{"line":11,"column":144}}],"line":11},"1":{"loc":{"start":{"line":11,"column":77},"end":{"line":11,"column":144}},"type":"cond-expr","locations":[{"start":{"line":11,"column":107},"end":{"line":11,"column":111}},{"start":{"line":11,"column":114},"end":{"line":11,"column":144}}],"line":11},"2":{"loc":{"start":{"line":26,"column":8},"end":{"line":29,"column":9}},"type":"if","locations":[{"start":{"line":26,"column":8},"end":{"line":29,"column":9}},{"start":{"line":26,"column":8},"end":{"line":29,"column":9}}],"line":26},"3":{"loc":{"start":{"line":28,"column":12},"end":{"line":28,"column":66}},"type":"if","locations":[{"start":{"line":28,"column":12},"end":{"line":28,"column":66}},{"start":{"line":28,"column":12},"end":{"line":28,"column":66}}],"line":28},"4":{"loc":{"start":{"line":38,"column":12},"end":{"line":46,"column":13}},"type":"if","locations":[{"start":{"line":38,"column":12},"end":{"line":46,"column":13}},{"start":{"line":38,"column":12},"end":{"line":46,"column":13}}],"line":38},"5":{"loc":{"start":{"line":43,"column":16},"end":{"line":45,"column":17}},"type":"if","locations":[{"start":{"line":43,"column":16},"end":{"line":45,"column":17}},{"start":{"line":43,"column":16},"end":{"line":45,"column":17}}],"line":43},"6":{"loc":{"start":{"line":60,"column":12},"end":{"line":85,"column":13}},"type":"if","locations":[{"start":{"line":60,"column":12},"end":{"line":85,"column":13}},{"start":{"line":60,"column":12},"end":{"line":85,"column":13}}],"line":60},"7":{"loc":{"start":{"line":62,"column":16},"end":{"line":66,"column":17}},"type":"if","locations":[{"start":{"line":62,"column":16},"end":{"line":66,"column":17}},{"start":{"line":62,"column":16},"end":{"line":66,"column":17}}],"line":62},"8":{"loc":{"start":{"line":68,"column":16},"end":{"line":71,"column":17}},"type":"if","locations":[{"start":{"line":68,"column":16},"end":{"line":71,"column":17}},{"start":{"line":68,"column":16},"end":{"line":71,"column":17}}],"line":68},"9":{"loc":{"start":{"line":74,"column":16},"end":{"line":84,"column":17}},"type":"if","locations":[{"start":{"line":74,"column":16},"end":{"line":84,"column":17}},{"start":{"line":74,"column":16},"end":{"line":84,"column":17}}],"line":74},"10":{"loc":{"start":{"line":75,"column":20},"end":{"line":78,"column":21}},"type":"if","locations":[{"start":{"line":75,"column":20},"end":{"line":78,"column":21}},{"start":{"line":75,"column":20},"end":{"line":78,"column":21}}],"line":75},"11":{"loc":{"start":{"line":80,"column":20},"end":{"line":83,"column":21}},"type":"if","locations":[{"start":{"line":80,"column":20},"end":{"line":83,"column":21}},{"start":{"line":80,"column":20},"end":{"line":83,"column":21}}],"line":80},"12":{"loc":{"start":{"line":98,"column":12},"end":{"line":104,"column":13}},"type":"if","locations":[{"start":{"line":98,"column":12},"end":{"line":104,"column":13}},{"start":{"line":98,"column":12},"end":{"line":104,"column":13}}],"line":98},"13":{"loc":{"start":{"line":111,"column":12},"end":{"line":121,"column":13}},"type":"if","locations":[{"start":{"line":111,"column":12},"end":{"line":121,"column":13}},{"start":{"line":111,"column":12},"end":{"line":121,"column":13}}],"line":111},"14":{"loc":{"start":{"line":114,"column":16},"end":{"line":120,"column":17}},"type":"if","locations":[{"start":{"line":114,"column":16},"end":{"line":120,"column":17}},{"start":{"line":114,"column":16},"end":{"line":120,"column":17}}],"line":114},"15":{"loc":{"start":{"line":134,"column":12},"end":{"line":137,"column":13}},"type":"if","locations":[{"start":{"line":134,"column":12},"end":{"line":137,"column":13}},{"start":{"line":134,"column":12},"end":{"line":137,"column":13}}],"line":134},"16":{"loc":{"start":{"line":136,"column":22},"end":{"line":136,"column":98}},"type":"cond-expr","locations":[{"start":{"line":136,"column":63},"end":{"line":136,"column":93}},{"start":{"line":136,"column":96},"end":{"line":136,"column":98}}],"line":136},"17":{"loc":{"start":{"line":146,"column":8},"end":{"line":149,"column":9}},"type":"if","locations":[{"start":{"line":146,"column":8},"end":{"line":149,"column":9}},{"start":{"line":146,"column":8},"end":{"line":149,"column":9}}],"line":146},"18":{"loc":{"start":{"line":168,"column":29},"end":{"line":178,"column":38}},"type":"binary-expr","locations":[{"start":{"line":168,"column":29},"end":{"line":168,"column":51}},{"start":{"line":168,"column":55},"end":{"line":178,"column":38}}],"line":168},"19":{"loc":{"start":{"line":181,"column":29},"end":{"line":193,"column":38}},"type":"binary-expr","locations":[{"start":{"line":181,"column":29},"end":{"line":181,"column":51}},{"start":{"line":181,"column":55},"end":{"line":181,"column":121}},{"start":{"line":181,"column":126},"end":{"line":193,"column":38}}],"line":181},"20":{"loc":{"start":{"line":201,"column":13},"end":{"line":209,"column":18}},"type":"binary-expr","locations":[{"start":{"line":201,"column":13},"end":{"line":201,"column":29}},{"start":{"line":201,"column":33},"end":{"line":201,"column":43}},{"start":{"line":201,"column":47},"end":{"line":209,"column":18}}],"line":201}},"s":{"0":1,"1":15,"2":15,"3":315,"4":7,"5":15,"6":9,"7":15,"8":5,"9":2,"10":2,"11":2,"12":2,"13":2,"14":2,"15":4,"16":2,"17":2,"18":1,"19":2,"20":9,"21":9,"22":9,"23":12,"24":9,"25":3,"26":3,"27":6,"28":3,"29":3,"30":3,"31":2,"32":0,"33":0,"34":2,"35":1,"36":1,"37":9,"38":7,"39":7,"40":7,"41":14,"42":7,"43":7,"44":7,"45":7,"46":7,"47":7,"48":7,"49":14,"50":7,"51":7,"52":2,"53":5,"54":5,"55":5,"56":7,"57":27,"58":27,"59":27,"60":54,"61":27,"62":27,"63":0,"64":0,"65":0,"66":15,"67":30,"68":5,"69":2,"70":0},"f":{"0":15,"1":315,"2":7,"3":9,"4":5,"5":2,"6":9,"7":7,"8":27,"9":0,"10":30,"11":5,"12":5,"13":2,"14":2,"15":0},"b":{"0":[0,15],"1":[0,15],"2":[2,3],"3":[2,0],"4":[2,2],"5":[1,1],"6":[9,3],"7":[3,6],"8":[3,3],"9":[2,1],"10":[0,2],"11":[1,1],"12":[7,7],"13":[7,7],"14":[2,5],"15":[27,27],"16":[21,6],"17":[0,0],"18":[30,15],"19":[30,15,4],"20":[15,15,2]},"_coverageSchema":"43e27e138ebf9cfc5966b082cf9a028302ed4184","hash":"d25c616cdbea0599688549096d15771a1a03e5f7"}
,"/Users/admin/Documents/GitHub/react-mcqview/src/components/McqView.js": {"path":"/Users/admin/Documents/GitHub/react-mcqview/src/components/McqView.js","statementMap":{"0":{"start":{"line":6,"column":23},"end":{"line":144,"column":1}},"1":{"start":{"line":8,"column":42},"end":{"line":8,"column":57}},"2":{"start":{"line":9,"column":28},"end":{"line":9,"column":152}},"3":{"start":{"line":11,"column":2},"end":{"line":14,"column":13}},"4":{"start":{"line":12,"column":4},"end":{"line":12,"column":53}},"5":{"start":{"line":12,"column":31},"end":{"line":12,"column":53}},"6":{"start":{"line":13,"column":4},"end":{"line":13,"column":53}},"7":{"start":{"line":13,"column":31},"end":{"line":13,"column":53}},"8":{"start":{"line":18,"column":18},"end":{"line":18,"column":35}},"9":{"start":{"line":22,"column":4},"end":{"line":44,"column":5}},"10":{"start":{"line":24,"column":6},"end":{"line":38,"column":7}},"11":{"start":{"line":25,"column":8},"end":{"line":25,"column":30}},"12":{"start":{"line":26,"column":8},"end":{"line":26,"column":57}},"13":{"start":{"line":26,"column":26},"end":{"line":26,"column":48}},"14":{"start":{"line":28,"column":22},"end":{"line":28,"column":24}},"15":{"start":{"line":29,"column":8},"end":{"line":35,"column":9}},"16":{"start":{"line":29,"column":20},"end":{"line":29,"column":21}},"17":{"start":{"line":30,"column":10},"end":{"line":34,"column":11}},"18":{"start":{"line":33,"column":12},"end":{"line":33,"column":36}},"19":{"start":{"line":36,"column":8},"end":{"line":36,"column":42}},"20":{"start":{"line":37,"column":8},"end":{"line":37,"column":30}},"21":{"start":{"line":42,"column":6},"end":{"line":42,"column":43}},"22":{"start":{"line":43,"column":6},"end":{"line":43,"column":40}},"23":{"start":{"line":49,"column":18},"end":{"line":49,"column":35}},"24":{"start":{"line":51,"column":4},"end":{"line":66,"column":5}},"25":{"start":{"line":53,"column":6},"end":{"line":60,"column":7}},"26":{"start":{"line":54,"column":8},"end":{"line":54,"column":30}},"27":{"start":{"line":55,"column":8},"end":{"line":55,"column":57}},"28":{"start":{"line":55,"column":26},"end":{"line":55,"column":48}},"29":{"start":{"line":57,"column":21},"end":{"line":57,"column":23}},"30":{"start":{"line":58,"column":8},"end":{"line":58,"column":41}},"31":{"start":{"line":59,"column":8},"end":{"line":59,"column":30}},"32":{"start":{"line":63,"column":19},"end":{"line":63,"column":21}},"33":{"start":{"line":64,"column":6},"end":{"line":64,"column":42}},"34":{"start":{"line":65,"column":6},"end":{"line":65,"column":39}},"35":{"start":{"line":75,"column":4},"end":{"line":83,"column":5}},"36":{"start":{"line":76,"column":6},"end":{"line":80,"column":7}},"37":{"start":{"line":77,"column":8},"end":{"line":77,"column":32}},"38":{"start":{"line":79,"column":8},"end":{"line":79,"column":33}},"39":{"start":{"line":82,"column":6},"end":{"line":82,"column":31}},"40":{"start":{"line":88,"column":2},"end":{"line":143,"column":3}},"41":{"start":{"line":119,"column":16},"end":{"line":132,"column":18}},"42":{"start":{"line":122,"column":36},"end":{"line":122,"column":46}}},"fnMap":{"0":{"name":"(anonymous_0)","decl":{"start":{"line":6,"column":23},"end":{"line":6,"column":24}},"loc":{"start":{"line":6,"column":34},"end":{"line":144,"column":1}},"line":6},"1":{"name":"(anonymous_1)","decl":{"start":{"line":11,"column":12},"end":{"line":11,"column":13}},"loc":{"start":{"line":11,"column":18},"end":{"line":14,"column":3}},"line":11},"2":{"name":"processMultiList","decl":{"start":{"line":16,"column":11},"end":{"line":16,"column":27}},"loc":{"start":{"line":16,"column":35},"end":{"line":45,"column":3}},"line":16},"3":{"name":"(anonymous_3)","decl":{"start":{"line":26,"column":19},"end":{"line":26,"column":20}},"loc":{"start":{"line":26,"column":25},"end":{"line":26,"column":49}},"line":26},"4":{"name":"processSingleList","decl":{"start":{"line":47,"column":11},"end":{"line":47,"column":28}},"loc":{"start":{"line":47,"column":36},"end":{"line":69,"column":3}},"line":47},"5":{"name":"(anonymous_5)","decl":{"start":{"line":55,"column":19},"end":{"line":55,"column":20}},"loc":{"start":{"line":55,"column":25},"end":{"line":55,"column":49}},"line":55},"6":{"name":"onClick","decl":{"start":{"line":71,"column":11},"end":{"line":71,"column":18}},"loc":{"start":{"line":71,"column":26},"end":{"line":86,"column":3}},"line":71},"7":{"name":"(anonymous_7)","decl":{"start":{"line":117,"column":32},"end":{"line":117,"column":33}},"loc":{"start":{"line":117,"column":45},"end":{"line":133,"column":15}},"line":117},"8":{"name":"(anonymous_8)","decl":{"start":{"line":122,"column":29},"end":{"line":122,"column":30}},"loc":{"start":{"line":122,"column":35},"end":{"line":122,"column":47}},"line":122}},"branchMap":{"0":{"loc":{"start":{"line":9,"column":37},"end":{"line":9,"column":151}},"type":"cond-expr","locations":[{"start":{"line":9,"column":67},"end":{"line":9,"column":71}},{"start":{"line":9,"column":74},"end":{"line":9,"column":151}}],"line":9},"1":{"loc":{"start":{"line":9,"column":74},"end":{"line":9,"column":151}},"type":"cond-expr","locations":[{"start":{"line":9,"column":109},"end":{"line":9,"column":113}},{"start":{"line":9,"column":116},"end":{"line":9,"column":151}}],"line":9},"2":{"loc":{"start":{"line":12,"column":4},"end":{"line":12,"column":53}},"type":"if","locations":[{"start":{"line":12,"column":4},"end":{"line":12,"column":53}},{"start":{"line":12,"column":4},"end":{"line":12,"column":53}}],"line":12},"3":{"loc":{"start":{"line":13,"column":4},"end":{"line":13,"column":53}},"type":"if","locations":[{"start":{"line":13,"column":4},"end":{"line":13,"column":53}},{"start":{"line":13,"column":4},"end":{"line":13,"column":53}}],"line":13},"4":{"loc":{"start":{"line":22,"column":4},"end":{"line":44,"column":5}},"type":"if","locations":[{"start":{"line":22,"column":4},"end":{"line":44,"column":5}},{"start":{"line":22,"column":4},"end":{"line":44,"column":5}}],"line":22},"5":{"loc":{"start":{"line":24,"column":6},"end":{"line":38,"column":7}},"type":"if","locations":[{"start":{"line":24,"column":6},"end":{"line":38,"column":7}},{"start":{"line":24,"column":6},"end":{"line":38,"column":7}}],"line":24},"6":{"loc":{"start":{"line":30,"column":10},"end":{"line":34,"column":11}},"type":"if","locations":[{"start":{"line":30,"column":10},"end":{"line":34,"column":11}},{"start":{"line":30,"column":10},"end":{"line":34,"column":11}}],"line":30},"7":{"loc":{"start":{"line":51,"column":4},"end":{"line":66,"column":5}},"type":"if","locations":[{"start":{"line":51,"column":4},"end":{"line":66,"column":5}},{"start":{"line":51,"column":4},"end":{"line":66,"column":5}}],"line":51},"8":{"loc":{"start":{"line":53,"column":6},"end":{"line":60,"column":7}},"type":"if","locations":[{"start":{"line":53,"column":6},"end":{"line":60,"column":7}},{"start":{"line":53,"column":6},"end":{"line":60,"column":7}}],"line":53},"9":{"loc":{"start":{"line":75,"column":4},"end":{"line":83,"column":5}},"type":"if","locations":[{"start":{"line":75,"column":4},"end":{"line":83,"column":5}},{"start":{"line":75,"column":4},"end":{"line":83,"column":5}}],"line":75},"10":{"loc":{"start":{"line":76,"column":6},"end":{"line":80,"column":7}},"type":"if","locations":[{"start":{"line":76,"column":6},"end":{"line":80,"column":7}},{"start":{"line":76,"column":6},"end":{"line":80,"column":7}}],"line":76},"11":{"loc":{"start":{"line":107,"column":16},"end":{"line":107,"column":71}},"type":"cond-expr","locations":[{"start":{"line":107,"column":36},"end":{"line":107,"column":56}},{"start":{"line":107,"column":59},"end":{"line":107,"column":71}}],"line":107},"12":{"loc":{"start":{"line":127,"column":41},"end":{"line":127,"column":102}},"type":"cond-expr","locations":[{"start":{"line":127,"column":80},"end":{"line":127,"column":86}},{"start":{"line":127,"column":89},"end":{"line":127,"column":102}}],"line":127},"13":{"loc":{"start":{"line":128,"column":31},"end":{"line":128,"column":85}},"type":"cond-expr","locations":[{"start":{"line":128,"column":69},"end":{"line":128,"column":76}},{"start":{"line":128,"column":79},"end":{"line":128,"column":85}}],"line":128},"14":{"loc":{"start":{"line":136,"column":11},"end":{"line":138,"column":16}},"type":"binary-expr","locations":[{"start":{"line":136,"column":11},"end":{"line":136,"column":23}},{"start":{"line":136,"column":27},"end":{"line":138,"column":16}}],"line":136}},"s":{"0":1,"1":37,"2":37,"3":37,"4":23,"5":23,"6":23,"7":23,"8":9,"9":9,"10":4,"11":2,"12":2,"13":2,"14":2,"15":2,"16":2,"17":4,"18":2,"19":2,"20":2,"21":5,"22":5,"23":6,"24":6,"25":4,"26":2,"27":2,"28":2,"29":2,"30":2,"31":2,"32":2,"33":2,"34":2,"35":15,"36":15,"37":9,"38":6,"39":0,"40":37,"41":111,"42":15},"f":{"0":37,"1":23,"2":9,"3":2,"4":6,"5":2,"6":15,"7":111,"8":15},"b":{"0":[0,37],"1":[24,13],"2":[23,0],"3":[23,0],"4":[4,5],"5":[2,2],"6":[2,2],"7":[4,2],"8":[2,2],"9":[15,0],"10":[9,6],"11":[28,9],"12":[31,80],"13":[31,80],"14":[37,4]},"_coverageSchema":"43e27e138ebf9cfc5966b082cf9a028302ed4184","hash":"79748f63d610d852e35ceea05e0295d7e2cde5e3"}
}
