TN:
SF:/Users/admin/Documents/GitHub/react-mcqview/src/index.js
FNF:0
FNH:0
LF:0
LH:0
BRF:0
BRH:0
end_of_record
TN:
SF:/Users/admin/Documents/GitHub/react-mcqview/src/components/McqForm.js
FN:8,(anonymous_0)
FN:13,getFormData
FN:17,setFormDataWrap
FN:21,(anonymous_3)
FN:25,(anonymous_4)
FN:32,generateResult
FN:54,scanForCompletion
FN:93,updateSelectedValue
FN:129,getAnswer
FN:145,onSubmit
FN:160,(anonymous_10)
FN:174,(anonymous_11)
FN:175,(anonymous_12)
FN:188,(anonymous_13)
FN:189,(anonymous_14)
FN:206,(anonymous_15)
FNF:16
FNH:14
FNDA:15,(anonymous_0)
FNDA:315,getFormData
FNDA:7,setFormDataWrap
FNDA:9,(anonymous_3)
FNDA:5,(anonymous_4)
FNDA:2,generateResult
FNDA:9,scanForCompletion
FNDA:7,updateSelectedValue
FNDA:27,getAnswer
FNDA:0,onSubmit
FNDA:30,(anonymous_10)
FNDA:5,(anonymous_11)
FNDA:5,(anonymous_12)
FNDA:2,(anonymous_13)
FNDA:2,(anonymous_14)
FNDA:0,(anonymous_15)
DA:8,1
DA:10,15
DA:11,15
DA:14,315
DA:18,7
DA:21,15
DA:22,9
DA:25,15
DA:26,5
DA:27,2
DA:28,2
DA:34,2
DA:36,2
DA:38,4
DA:40,2
DA:43,2
DA:44,1
DA:50,2
DA:56,9
DA:58,9
DA:60,12
DA:62,9
DA:64,3
DA:65,3
DA:68,6
DA:69,3
DA:70,3
DA:74,3
DA:75,2
DA:76,0
DA:77,0
DA:80,2
DA:81,1
DA:82,1
DA:89,9
DA:95,7
DA:97,7
DA:98,14
DA:99,7
DA:100,7
DA:101,7
DA:103,7
DA:107,7
DA:109,7
DA:111,14
DA:112,7
DA:114,7
DA:115,2
DA:117,5
DA:118,5
DA:119,5
DA:125,7
DA:131,27
DA:133,27
DA:134,54
DA:136,27
DA:142,27
DA:146,0
DA:147,0
DA:148,0
DA:152,15
DA:164,30
DA:174,5
DA:188,2
DA:206,0
LF:65
LH:59
BRDA:11,0,0,0
BRDA:11,0,1,15
BRDA:11,1,0,0
BRDA:11,1,1,15
BRDA:26,2,0,2
BRDA:26,2,1,3
BRDA:28,3,0,2
BRDA:28,3,1,0
BRDA:38,4,0,2
BRDA:38,4,1,2
BRDA:43,5,0,1
BRDA:43,5,1,1
BRDA:60,6,0,9
BRDA:60,6,1,3
BRDA:62,7,0,3
BRDA:62,7,1,6
BRDA:68,8,0,3
BRDA:68,8,1,3
BRDA:74,9,0,2
BRDA:74,9,1,1
BRDA:75,10,0,0
BRDA:75,10,1,2
BRDA:80,11,0,1
BRDA:80,11,1,1
BRDA:98,12,0,7
BRDA:98,12,1,7
BRDA:111,13,0,7
BRDA:111,13,1,7
BRDA:114,14,0,2
BRDA:114,14,1,5
BRDA:134,15,0,27
BRDA:134,15,1,27
BRDA:136,16,0,21
BRDA:136,16,1,6
BRDA:146,17,0,0
BRDA:146,17,1,0
BRDA:168,18,0,30
BRDA:168,18,1,15
BRDA:181,19,0,30
BRDA:181,19,1,15
BRDA:181,19,2,4
BRDA:201,20,0,15
BRDA:201,20,1,15
BRDA:201,20,2,2
BRF:44
BRH:38
end_of_record
TN:
SF:/Users/admin/Documents/GitHub/react-mcqview/src/components/McqView.js
FN:6,(anonymous_0)
FN:11,(anonymous_1)
FN:16,processMultiList
FN:26,(anonymous_3)
FN:47,processSingleList
FN:55,(anonymous_5)
FN:71,onClick
FN:117,(anonymous_7)
FN:122,(anonymous_8)
FNF:9
FNH:9
FNDA:37,(anonymous_0)
FNDA:23,(anonymous_1)
FNDA:9,processMultiList
FNDA:2,(anonymous_3)
FNDA:6,processSingleList
FNDA:2,(anonymous_5)
FNDA:15,onClick
FNDA:111,(anonymous_7)
FNDA:15,(anonymous_8)
DA:6,1
DA:8,37
DA:9,37
DA:11,37
DA:12,23
DA:13,23
DA:18,9
DA:22,9
DA:24,4
DA:25,2
DA:26,2
DA:28,2
DA:29,2
DA:30,4
DA:33,2
DA:36,2
DA:37,2
DA:42,5
DA:43,5
DA:49,6
DA:51,6
DA:53,4
DA:54,2
DA:55,2
DA:57,2
DA:58,2
DA:59,2
DA:63,2
DA:64,2
DA:65,2
DA:75,15
DA:76,15
DA:77,9
DA:79,6
DA:82,0
DA:88,37
DA:119,111
DA:122,15
LF:38
LH:37
BRDA:9,0,0,0
BRDA:9,0,1,37
BRDA:9,1,0,24
BRDA:9,1,1,13
BRDA:12,2,0,23
BRDA:12,2,1,0
BRDA:13,3,0,23
BRDA:13,3,1,0
BRDA:22,4,0,4
BRDA:22,4,1,5
BRDA:24,5,0,2
BRDA:24,5,1,2
BRDA:30,6,0,2
BRDA:30,6,1,2
BRDA:51,7,0,4
BRDA:51,7,1,2
BRDA:53,8,0,2
BRDA:53,8,1,2
BRDA:75,9,0,15
BRDA:75,9,1,0
BRDA:76,10,0,9
BRDA:76,10,1,6
BRDA:107,11,0,28
BRDA:107,11,1,9
BRDA:127,12,0,31
BRDA:127,12,1,80
BRDA:128,13,0,31
BRDA:128,13,1,80
BRDA:136,14,0,37
BRDA:136,14,1,4
BRF:30
BRH:26
end_of_record
